2020-04-04 14:29:51,460 :: INFO :: --> tictoc starts...
2020-04-04 14:29:51,541 :: INFO :: twinews news (version 1.0) initialised.
2020-04-04 14:32:17,652 :: INFO ::  33% [======              ] (1.34s left)
2020-04-04 14:32:18,323 :: INFO ::  66% [=============       ] (0.67s left)
2020-04-04 14:32:18,963 :: INFO :: 100% [====================] (total duration: 1.98s, mean duration: 0.66s)
2020-04-04 14:32:19,133 :: INFO :: --> toc total duration: 2m 27.669s
2020-04-04 14:33:18,242 :: INFO :: --> tictoc starts...
2020-04-04 14:33:18,301 :: INFO :: twinews news (version 1.0) initialised.
2020-04-04 14:33:54,835 :: INFO ::   0% [                    ]
2020-04-04 14:34:39,751 :: INFO :: --> tictoc starts...
2020-04-04 14:34:39,813 :: INFO :: twinews news (version 1.0) initialised.
2020-04-04 14:35:17,894 :: INFO ::   0% [                    ]
2020-04-04 14:36:19,108 :: INFO :: --> tictoc starts...
2020-04-04 14:36:19,171 :: INFO :: twinews news (version 1.0) initialised.
2020-04-04 14:37:04,109 :: INFO ::   0% [                    ]
2020-04-04 14:37:34,791 :: INFO :: --> tictoc starts...
2020-04-04 14:37:35,049 :: INFO :: twinews news (version 1.0) initialised.
2020-04-04 14:38:01,581 :: INFO ::   0% [                    ]
2020-04-04 14:43:31,533 :: INFO ::   0% [                    ]
2020-04-04 14:43:33,625 :: INFO ::   0% [                    ]
2020-04-04 14:48:31,489 :: INFO ::   0% [                    ]
2020-04-04 14:48:34,066 :: INFO ::   0% [                    ]
2020-04-04 14:57:15,851 :: INFO ::   1% [                    ]
2020-04-04 15:01:31,783 :: INFO ::   1% [                    ]
2020-04-04 15:04:26,590 :: INFO ::   1% [                    ]
2020-04-04 15:07:52,160 :: INFO ::   1% [                    ]
2020-04-04 15:19:20,540 :: INFO ::   2% [                    ]
2020-04-04 15:21:26,117 :: INFO ::   2% [                    ]
2020-04-04 15:22:14,770 :: INFO ::   2% [                    ]
2020-04-04 15:24:09,182 :: INFO ::   2% [                    ]
2020-04-04 15:34:56,494 :: INFO ::   3% [                    ]
2020-04-04 15:38:32,517 :: INFO ::   3% [                    ]
2020-04-04 15:41:24,241 :: INFO ::   3% [                    ]
2020-04-04 15:41:58,779 :: INFO ::   3% [                    ]
2020-04-04 15:55:41,344 :: INFO ::   4% [                    ] (26h 18m 55.444s left)
2020-04-04 15:59:33,402 :: INFO ::   4% [                    ] (26h 10m 5.944s left)
2020-04-04 15:59:36,647 :: INFO ::   4% [                    ] (27h 8m 30.271s left)
2020-04-04 16:03:12,542 :: INFO ::   4% [                    ] (27h 45m 24.544s left)
2020-04-04 16:16:34,443 :: INFO ::   5% [=                   ] (27h 13m 43.886s left)
2020-04-04 16:18:04,298 :: INFO ::   5% [=                   ] (26h 28m 49.255s left)
2020-04-04 16:30:23,129 :: INFO ::   5% [=                   ] (30h 4m 57.303s left)
2020-04-04 16:39:08,411 :: INFO ::   6% [=                   ] (27h 11m 17.581s left)
2020-04-04 16:44:33,305 :: INFO ::   6% [=                   ] (29h 22m 28.815s left)
2020-04-04 16:57:54,289 :: INFO ::   6% [=                   ] (31h 41m 28.989s left)
2020-04-04 16:59:57,937 :: INFO :: --> tictoc starts...
2020-04-04 16:59:58,298 :: INFO :: twinews news (version 1.0) initialised.
2020-04-04 16:59:58,422 :: INFO :: --> tictoc starts...
2020-04-04 16:59:58,501 :: INFO :: twinews news (version 1.0) initialised.
2020-04-04 17:00:48,336 :: INFO ::   0% [                    ]
2020-04-04 17:00:56,637 :: INFO ::   0% [                    ]
2020-04-04 17:06:30,661 :: INFO ::   7% [=                   ] (28h 51m 21.567s left)
2020-04-04 17:08:00,143 :: INFO ::   0% [                    ]
2020-04-04 17:08:02,221 :: INFO ::   0% [                    ]
2020-04-04 17:15:35,610 :: INFO ::   1% [                    ]
2020-04-04 17:18:46,735 :: INFO ::   1% [                    ]
