2020-04-04 21:16:39,753 :: INFO :: --> tictoc starts...
2020-04-04 21:16:39,818 :: INFO :: twinews news (version 1.0) initialised.
2020-04-04 21:17:48,875 :: INFO ::   0% [                    ]
2020-04-04 21:18:26,788 :: INFO ::   0% [                    ]
2020-04-04 21:19:28,970 :: INFO ::   1% [                    ]
2020-04-04 21:20:46,565 :: INFO ::   2% [                    ]
2020-04-04 21:22:40,399 :: INFO ::   3% [                    ]
2020-04-04 21:25:13,062 :: INFO ::   4% [                    ] (2h 23m 48.539s left)
2020-04-04 21:28:03,004 :: INFO ::   5% [=                   ] (2h 43m 34.202s left)
2020-04-04 21:30:09,772 :: INFO ::   6% [=                   ] (2h 47m 11.156s left)
2020-04-04 21:33:55,336 :: INFO ::   7% [=                   ] (3h 8m 34.098s left)
2020-04-04 21:38:45,873 :: INFO ::   8% [=                   ] (3h 35m 27.819s left)
2020-04-04 21:42:20,559 :: INFO ::   9% [=                   ] (3h 44m 28.477s left)
2020-04-04 21:48:54,802 :: INFO ::  10% [==                  ] (4h 15m 45.296s left)
2020-04-04 21:52:35,152 :: INFO ::  11% [==                  ] (4h 19m 9.969s left)
2020-04-04 21:58:58,212 :: INFO ::  12% [==                  ] (4h 39m 54.09s left)
2020-04-04 22:03:15,920 :: INFO ::  13% [==                  ] (4h 43m 44.353s left)
2020-04-04 22:06:50,892 :: INFO ::  14% [==                  ] (4h 42m 23.733s left)
2020-04-04 22:11:21,944 :: INFO ::  15% [===                 ] (4h 45m 45.201s left)
2020-04-04 22:16:26,423 :: INFO ::  16% [===                 ] (4h 50m 56.798s left)
2020-04-04 22:20:56,962 :: INFO ::  17% [===                 ] (4h 52m 22.926s left)
