2020-04-04 10:48:31,621 :: INFO :: --> tictoc starts...
2020-04-04 10:48:31,703 :: INFO :: twinews news (version 1.0) initialised.
2020-04-04 11:43:09,552 :: INFO :: --> tictoc starts...
2020-04-04 11:43:09,619 :: INFO :: twinews news (version 1.0) initialised.
2020-04-04 11:44:30,196 :: INFO ::  33% [======              ] (1m 30.379s left)
2020-04-04 11:44:35,765 :: INFO ::  66% [=============       ] (25.38s left)
2020-04-04 11:44:41,065 :: INFO :: 100% [====================] (total duration: 56.06s, mean duration: 18.686s)
2020-04-04 11:44:41,409 :: INFO :: --> toc total duration: 1m 31.849s
2020-04-04 11:47:01,424 :: INFO :: --> tictoc starts...
2020-04-04 11:47:01,490 :: INFO :: twinews news (version 1.0) initialised.
2020-04-04 11:47:35,113 :: INFO ::   0% [                    ]
2020-04-04 11:50:06,226 :: INFO ::   0% [                    ]
2020-04-04 11:55:07,998 :: INFO ::   1% [                    ]
2020-04-04 12:02:50,953 :: INFO ::   2% [                    ]
2020-04-04 12:13:17,453 :: INFO ::   3% [                    ]
2020-04-04 12:26:42,175 :: INFO ::   4% [                    ] (12h 41m 26.222s left)
2020-04-04 12:42:55,016 :: INFO ::   5% [=                   ] (14h 45m 23.913s left)
2020-04-04 13:01:50,935 :: INFO ::   6% [=                   ] (16h 45m 54.881s left)
2020-04-04 13:23:32,229 :: INFO ::   7% [=                   ] (18h 43m 42.307s left)
2020-04-04 13:48:08,846 :: INFO ::   8% [=                   ] (20h 40m 27.386s left)
2020-04-04 17:34:24,807 :: INFO :: --> tictoc starts...
2020-04-04 17:34:24,872 :: INFO :: twinews news (version 1.0) initialised.
2020-04-04 17:34:34,384 :: INFO :: --> tictoc starts...
2020-04-04 17:34:34,444 :: INFO :: twinews news (version 1.0) initialised.
2020-04-04 17:34:38,130 :: INFO :: --> tictoc starts...
2020-04-04 17:34:38,193 :: INFO :: twinews news (version 1.0) initialised.
2020-04-04 17:34:41,139 :: INFO :: --> tictoc starts...
2020-04-04 17:34:41,254 :: INFO :: twinews news (version 1.0) initialised.
2020-04-04 17:34:41,659 :: INFO ::   0% [                    ]
2020-04-04 17:34:47,051 :: INFO ::   0% [                    ]
2020-04-04 17:35:00,309 :: INFO ::   0% [                    ]
2020-04-04 17:35:04,167 :: INFO ::   0% [                    ]
2020-04-04 17:36:33,545 :: INFO ::   0% [                    ]
2020-04-04 17:36:44,017 :: INFO ::   0% [                    ]
2020-04-04 17:36:47,278 :: INFO ::   0% [                    ]
2020-04-04 17:37:14,892 :: INFO ::   0% [                    ]
2020-04-04 17:39:53,627 :: INFO ::   1% [                    ]
2020-04-04 17:39:56,390 :: INFO ::   1% [                    ]
2020-04-04 17:40:11,701 :: INFO ::   1% [                    ]
2020-04-04 17:40:19,679 :: INFO ::   1% [                    ]
2020-04-04 17:43:04,430 :: INFO ::   2% [                    ]
2020-04-04 17:43:47,688 :: INFO ::   2% [                    ]
2020-04-04 17:44:44,839 :: INFO ::   2% [                    ]
2020-04-04 17:45:01,173 :: INFO ::   2% [                    ]
2020-04-04 17:47:10,103 :: INFO ::   3% [                    ]
2020-04-04 17:47:51,818 :: INFO ::   3% [                    ]
2020-04-04 17:50:01,231 :: INFO ::   3% [                    ]
2020-04-04 17:50:51,981 :: INFO ::   3% [                    ]
2020-04-04 17:53:59,521 :: INFO ::   4% [                    ] (6h 12m 52.626s left)
2020-04-04 17:54:41,335 :: INFO ::   4% [                    ] (6h 22m 0.995s left)
2020-04-04 17:55:40,673 :: INFO ::   4% [                    ] (6h 39m 50.393s left)
2020-04-04 17:55:57,988 :: INFO ::   4% [                    ] (6h 47m 57.148s left)
2020-04-04 18:01:19,125 :: INFO ::   5% [=                   ] (7h 3m 50.672s left)
2020-04-04 18:01:30,548 :: INFO ::   5% [=                   ] (7h 3m 20.185s left)
2020-04-04 18:04:07,789 :: INFO ::   5% [=                   ] (7h 43m 56.626s left)
2020-04-04 18:04:52,947 :: INFO ::   5% [=                   ] (7h 58m 0.266s left)
2020-04-04 18:07:04,524 :: INFO ::   6% [=                   ] (7h 17m 0.477s left)
2020-04-04 18:08:50,363 :: INFO ::   6% [=                   ] (7h 37m 46.359s left)
2020-04-04 18:12:09,405 :: INFO ::   6% [=                   ] (8h 21m 35.76s left)
2020-04-04 18:13:08,335 :: INFO ::   6% [=                   ] (8h 36m 36.738s left)
2020-04-04 18:18:45,012 :: INFO ::   7% [=                   ] (8h 34m 26.627s left)
2020-04-04 18:20:53,260 :: INFO ::   7% [=                   ] (8h 57m 34.991s left)
2020-04-04 18:21:33,208 :: INFO ::   7% [=                   ] (9h 4m 32.153s left)
2020-04-04 18:23:35,083 :: INFO ::   7% [=                   ] (9h 27m 28.859s left)
2020-04-04 18:25:23,058 :: INFO ::   8% [=                   ] (8h 40m 23.86s left)
2020-04-04 18:30:19,994 :: INFO ::   8% [=                   ] (9h 29m 34.127s left)
2020-04-04 18:32:18,760 :: INFO ::   8% [=                   ] (9h 49m 9.169s left)
2020-04-04 18:32:27,239 :: INFO ::   8% [=                   ] (9h 49m 57.048s left)
2020-04-04 18:33:26,293 :: INFO ::   9% [=                   ] (8h 56m 47.498s left)
2020-04-04 18:38:38,111 :: INFO ::   9% [=                   ] (9h 42m 49.867s left)
2020-04-04 18:40:09,944 :: INFO ::  10% [==                  ] (8h 57m 51.351s left)
2020-04-04 18:44:28,914 :: INFO ::   9% [=                   ] (10h 35m 33.745s left)
2020-04-04 18:44:41,363 :: INFO ::  10% [==                  ] (9h 33m 43.534s left)
2020-04-04 18:46:25,936 :: INFO ::   9% [=                   ] (10h 52m 47.135s left)
2020-04-04 18:55:54,694 :: INFO ::  10% [==                  ] (11h 5m 15.153s left)
2020-04-04 18:57:57,476 :: INFO ::  10% [==                  ] (11h 21m 31.575s left)
2020-04-04 18:58:29,898 :: INFO ::  11% [==                  ] (10h 22m 49.191s left)
2020-04-04 19:08:06,682 :: INFO ::  11% [==                  ] (11h 33m 20.793s left)
2020-04-04 19:08:23,332 :: INFO ::  11% [==                  ] (11h 35m 53.003s left)
2020-04-04 19:11:04,862 :: INFO ::  12% [==                  ] (10h 53m 54.579s left)
2020-04-04 19:18:58,267 :: INFO ::  12% [==                  ] (11h 47m 0.817s left)
2020-04-04 19:21:29,595 :: INFO ::  12% [==                  ] (12h 3m 42.576s left)
2020-04-04 19:21:54,191 :: INFO ::  13% [==                  ] (11h 7m 47.158s left)
2020-04-04 19:28:49,603 :: INFO ::  13% [==                  ] (11h 50m 7.106s left)
2020-04-04 19:29:23,109 :: INFO ::  14% [==                  ] (10h 59m 9.488s left)
2020-04-04 19:34:22,798 :: INFO ::  13% [==                  ] (12h 25m 7.823s left)
2020-04-04 19:40:03,567 :: INFO ::  15% [===                 ] (11h 7m 41.233s left)
2020-04-04 19:41:17,903 :: INFO ::  14% [==                  ] (12h 6m 54.774s left)
2020-04-04 19:47:24,886 :: INFO ::  14% [==                  ] (12h 42m 27.378s left)
2020-04-04 19:50:51,313 :: INFO ::  16% [===                 ] (11h 14m 33.514s left)
2020-04-04 19:57:51,001 :: INFO ::  15% [===                 ] (12h 41m 47.674s left)
2020-04-04 19:59:41,710 :: INFO ::  15% [===                 ] (12h 51m 58.013s left)
2020-04-04 20:02:22,743 :: INFO ::  17% [===                 ] (11h 22m 50.135s left)
